<?xml version="1.0" encoding="UTF-8"?>
<testsuite xmlns:xsi="http://www.w3.org/2001/XMLSchema-instance" xsi:noNamespaceSchemaLocation="https://maven.apache.org/surefire/maven-surefire-plugin/xsd/surefire-test-report.xsd" name="com.idt.TestValuationOutput" time="67.401" tests="1" errors="1" skipped="0" failures="0">
  <properties>
    <property name="gopherProxySet" value="false"/>
    <property name="awt.toolkit" value="sun.lwawt.macosx.LWCToolkit"/>
    <property name="java.specification.version" value="11"/>
    <property name="sun.cpu.isalist" value=""/>
    <property name="sun.jnu.encoding" value="UTF-8"/>
    <property name="java.class.path" value="/Users/lobster/IdeaProjects/identity-tests/target/test-classes:/Users/lobster/IdeaProjects/identity-tests/target/classes:/Users/lobster/.m2/repository/org/seleniumhq/selenium/selenium-java/4.12.0/selenium-java-4.12.0.jar:/Users/lobster/.m2/repository/org/seleniumhq/selenium/selenium-api/4.12.0/selenium-api-4.12.0.jar:/Users/lobster/.m2/repository/org/seleniumhq/selenium/selenium-chrome-driver/4.12.0/selenium-chrome-driver-4.12.0.jar:/Users/lobster/.m2/repository/com/google/auto/service/auto-service-annotations/1.1.1/auto-service-annotations-1.1.1.jar:/Users/lobster/.m2/repository/com/google/guava/guava/32.1.2-jre/guava-32.1.2-jre.jar:/Users/lobster/.m2/repository/com/google/guava/failureaccess/1.0.1/failureaccess-1.0.1.jar:/Users/lobster/.m2/repository/com/google/guava/listenablefuture/9999.0-empty-to-avoid-conflict-with-guava/listenablefuture-9999.0-empty-to-avoid-conflict-with-guava.jar:/Users/lobster/.m2/repository/com/google/code/findbugs/jsr305/3.0.2/jsr305-3.0.2.jar:/Users/lobster/.m2/repository/org/checkerframework/checker-qual/3.33.0/checker-qual-3.33.0.jar:/Users/lobster/.m2/repository/com/google/errorprone/error_prone_annotations/2.18.0/error_prone_annotations-2.18.0.jar:/Users/lobster/.m2/repository/com/google/j2objc/j2objc-annotations/2.8/j2objc-annotations-2.8.jar:/Users/lobster/.m2/repository/org/seleniumhq/selenium/selenium-chromium-driver/4.12.0/selenium-chromium-driver-4.12.0.jar:/Users/lobster/.m2/repository/org/seleniumhq/selenium/selenium-json/4.12.0/selenium-json-4.12.0.jar:/Users/lobster/.m2/repository/org/seleniumhq/selenium/selenium-manager/4.12.0/selenium-manager-4.12.0.jar:/Users/lobster/.m2/repository/org/seleniumhq/selenium/selenium-devtools-v114/4.12.0/selenium-devtools-v114-4.12.0.jar:/Users/lobster/.m2/repository/org/seleniumhq/selenium/selenium-devtools-v115/4.12.0/selenium-devtools-v115-4.12.0.jar:/Users/lobster/.m2/repository/org/seleniumhq/selenium/selenium-devtools-v116/4.12.0/selenium-devtools-v116-4.12.0.jar:/Users/lobster/.m2/repository/org/seleniumhq/selenium/selenium-devtools-v85/4.12.0/selenium-devtools-v85-4.12.0.jar:/Users/lobster/.m2/repository/org/seleniumhq/selenium/selenium-edge-driver/4.12.0/selenium-edge-driver-4.12.0.jar:/Users/lobster/.m2/repository/org/seleniumhq/selenium/selenium-firefox-driver/4.12.0/selenium-firefox-driver-4.12.0.jar:/Users/lobster/.m2/repository/org/seleniumhq/selenium/selenium-http/4.12.0/selenium-http-4.12.0.jar:/Users/lobster/.m2/repository/dev/failsafe/failsafe/3.3.2/failsafe-3.3.2.jar:/Users/lobster/.m2/repository/org/seleniumhq/selenium/selenium-ie-driver/4.12.0/selenium-ie-driver-4.12.0.jar:/Users/lobster/.m2/repository/org/seleniumhq/selenium/selenium-remote-driver/4.12.0/selenium-remote-driver-4.12.0.jar:/Users/lobster/.m2/repository/io/netty/netty-buffer/4.1.96.Final/netty-buffer-4.1.96.Final.jar:/Users/lobster/.m2/repository/io/netty/netty-codec-http/4.1.96.Final/netty-codec-http-4.1.96.Final.jar:/Users/lobster/.m2/repository/io/netty/netty-codec/4.1.96.Final/netty-codec-4.1.96.Final.jar:/Users/lobster/.m2/repository/io/netty/netty-handler/4.1.96.Final/netty-handler-4.1.96.Final.jar:/Users/lobster/.m2/repository/io/netty/netty-common/4.1.96.Final/netty-common-4.1.96.Final.jar:/Users/lobster/.m2/repository/io/netty/netty-transport-classes-epoll/4.1.96.Final/netty-transport-classes-epoll-4.1.96.Final.jar:/Users/lobster/.m2/repository/io/netty/netty-transport-classes-kqueue/4.1.96.Final/netty-transport-classes-kqueue-4.1.96.Final.jar:/Users/lobster/.m2/repository/io/netty/netty-transport-native-epoll/4.1.96.Final/netty-transport-native-epoll-4.1.96.Final.jar:/Users/lobster/.m2/repository/io/netty/netty-transport-native-kqueue/4.1.96.Final/netty-transport-native-kqueue-4.1.96.Final.jar:/Users/lobster/.m2/repository/io/netty/netty-transport-native-unix-common/4.1.96.Final/netty-transport-native-unix-common-4.1.96.Final.jar:/Users/lobster/.m2/repository/io/netty/netty-transport/4.1.96.Final/netty-transport-4.1.96.Final.jar:/Users/lobster/.m2/repository/io/netty/netty-resolver/4.1.96.Final/netty-resolver-4.1.96.Final.jar:/Users/lobster/.m2/repository/io/opentelemetry/opentelemetry-api/1.28.0/opentelemetry-api-1.28.0.jar:/Users/lobster/.m2/repository/io/opentelemetry/opentelemetry-context/1.28.0/opentelemetry-context-1.28.0.jar:/Users/lobster/.m2/repository/io/opentelemetry/opentelemetry-exporter-logging/1.28.0/opentelemetry-exporter-logging-1.28.0.jar:/Users/lobster/.m2/repository/io/opentelemetry/opentelemetry-sdk-metrics/1.28.0/opentelemetry-sdk-metrics-1.28.0.jar:/Users/lobster/.m2/repository/io/opentelemetry/opentelemetry-extension-incubator/1.28.0-alpha/opentelemetry-extension-incubator-1.28.0-alpha.jar:/Users/lobster/.m2/repository/io/opentelemetry/opentelemetry-sdk-logs/1.28.0/opentelemetry-sdk-logs-1.28.0.jar:/Users/lobster/.m2/repository/io/opentelemetry/opentelemetry-sdk-common/1.28.0/opentelemetry-sdk-common-1.28.0.jar:/Users/lobster/.m2/repository/io/opentelemetry/opentelemetry-sdk-extension-autoconfigure-spi/1.28.0/opentelemetry-sdk-extension-autoconfigure-spi-1.28.0.jar:/Users/lobster/.m2/repository/io/opentelemetry/opentelemetry-sdk-extension-autoconfigure/1.28.0/opentelemetry-sdk-extension-autoconfigure-1.28.0.jar:/Users/lobster/.m2/repository/io/opentelemetry/opentelemetry-api-events/1.28.0-alpha/opentelemetry-api-events-1.28.0-alpha.jar:/Users/lobster/.m2/repository/io/opentelemetry/opentelemetry-sdk-trace/1.28.0/opentelemetry-sdk-trace-1.28.0.jar:/Users/lobster/.m2/repository/io/opentelemetry/opentelemetry-sdk/1.28.0/opentelemetry-sdk-1.28.0.jar:/Users/lobster/.m2/repository/io/opentelemetry/opentelemetry-semconv/1.28.0-alpha/opentelemetry-semconv-1.28.0-alpha.jar:/Users/lobster/.m2/repository/org/asynchttpclient/async-http-client/2.12.3/async-http-client-2.12.3.jar:/Users/lobster/.m2/repository/org/asynchttpclient/async-http-client-netty-utils/2.12.3/async-http-client-netty-utils-2.12.3.jar:/Users/lobster/.m2/repository/io/netty/netty-codec-socks/4.1.60.Final/netty-codec-socks-4.1.60.Final.jar:/Users/lobster/.m2/repository/io/netty/netty-handler-proxy/4.1.60.Final/netty-handler-proxy-4.1.60.Final.jar:/Users/lobster/.m2/repository/io/netty/netty-transport-native-epoll/4.1.60.Final/netty-transport-native-epoll-4.1.60.Final-linux-x86_64.jar:/Users/lobster/.m2/repository/io/netty/netty-transport-native-kqueue/4.1.60.Final/netty-transport-native-kqueue-4.1.60.Final-osx-x86_64.jar:/Users/lobster/.m2/repository/org/reactivestreams/reactive-streams/1.0.3/reactive-streams-1.0.3.jar:/Users/lobster/.m2/repository/com/typesafe/netty/netty-reactive-streams/2.0.4/netty-reactive-streams-2.0.4.jar:/Users/lobster/.m2/repository/org/slf4j/slf4j-api/1.7.30/slf4j-api-1.7.30.jar:/Users/lobster/.m2/repository/com/sun/activation/jakarta.activation/1.2.2/jakarta.activation-1.2.2.jar:/Users/lobster/.m2/repository/org/seleniumhq/selenium/selenium-os/4.12.0/selenium-os-4.12.0.jar:/Users/lobster/.m2/repository/org/apache/commons/commons-exec/1.3/commons-exec-1.3.jar:/Users/lobster/.m2/repository/org/seleniumhq/selenium/selenium-safari-driver/4.12.0/selenium-safari-driver-4.12.0.jar:/Users/lobster/.m2/repository/org/seleniumhq/selenium/selenium-support/4.12.0/selenium-support-4.12.0.jar:/Users/lobster/.m2/repository/org/junit/jupiter/junit-jupiter-engine/5.9.2/junit-jupiter-engine-5.9.2.jar:/Users/lobster/.m2/repository/org/junit/platform/junit-platform-engine/1.9.2/junit-platform-engine-1.9.2.jar:/Users/lobster/.m2/repository/org/opentest4j/opentest4j/1.2.0/opentest4j-1.2.0.jar:/Users/lobster/.m2/repository/org/junit/platform/junit-platform-commons/1.9.2/junit-platform-commons-1.9.2.jar:/Users/lobster/.m2/repository/org/junit/jupiter/junit-jupiter-api/5.9.2/junit-jupiter-api-5.9.2.jar:/Users/lobster/.m2/repository/org/apiguardian/apiguardian-api/1.1.2/apiguardian-api-1.1.2.jar:/Users/lobster/.m2/repository/org/junit/platform/junit-platform-runner/1.9.2/junit-platform-runner-1.9.2.jar:/Users/lobster/.m2/repository/junit/junit/4.13.2/junit-4.13.2.jar:/Users/lobster/.m2/repository/org/hamcrest/hamcrest-core/1.3/hamcrest-core-1.3.jar:/Users/lobster/.m2/repository/org/junit/platform/junit-platform-launcher/1.9.2/junit-platform-launcher-1.9.2.jar:/Users/lobster/.m2/repository/org/junit/platform/junit-platform-suite-api/1.9.2/junit-platform-suite-api-1.9.2.jar:/Users/lobster/.m2/repository/org/junit/platform/junit-platform-suite-commons/1.9.2/junit-platform-suite-commons-1.9.2.jar:/Users/lobster/.m2/repository/org/assertj/assertj-core/3.24.2/assertj-core-3.24.2.jar:/Users/lobster/.m2/repository/net/bytebuddy/byte-buddy/1.12.21/byte-buddy-1.12.21.jar:"/>
    <property name="java.vm.vendor" value="Amazon.com Inc."/>
    <property name="sun.arch.data.model" value="64"/>
    <property name="java.vendor.url" value="https://aws.amazon.com/corretto/"/>
    <property name="user.timezone" value=""/>
    <property name="java.vm.specification.version" value="11"/>
    <property name="os.name" value="Mac OS X"/>
    <property name="sun.java.launcher" value="SUN_STANDARD"/>
    <property name="user.country" value="GB"/>
    <property name="sun.boot.library.path" value="/Users/lobster/.sdkman/candidates/java/11.0.17-amzn/lib"/>
    <property name="sun.java.command" value="/Users/lobster/IdeaProjects/identity-tests/target/surefire/surefirebooter2380781630570145861.jar /Users/lobster/IdeaProjects/identity-tests/target/surefire 2023-09-07T22-46-02_149-jvmRun1 surefire18371030637107672323tmp surefire_01208561391808117868tmp"/>
    <property name="http.nonProxyHosts" value="local|*.local|169.254/16|*.169.254/16"/>
    <property name="jdk.debug" value="release"/>
    <property name="surefire.test.class.path" value="/Users/lobster/IdeaProjects/identity-tests/target/test-classes:/Users/lobster/IdeaProjects/identity-tests/target/classes:/Users/lobster/.m2/repository/org/seleniumhq/selenium/selenium-java/4.12.0/selenium-java-4.12.0.jar:/Users/lobster/.m2/repository/org/seleniumhq/selenium/selenium-api/4.12.0/selenium-api-4.12.0.jar:/Users/lobster/.m2/repository/org/seleniumhq/selenium/selenium-chrome-driver/4.12.0/selenium-chrome-driver-4.12.0.jar:/Users/lobster/.m2/repository/com/google/auto/service/auto-service-annotations/1.1.1/auto-service-annotations-1.1.1.jar:/Users/lobster/.m2/repository/com/google/guava/guava/32.1.2-jre/guava-32.1.2-jre.jar:/Users/lobster/.m2/repository/com/google/guava/failureaccess/1.0.1/failureaccess-1.0.1.jar:/Users/lobster/.m2/repository/com/google/guava/listenablefuture/9999.0-empty-to-avoid-conflict-with-guava/listenablefuture-9999.0-empty-to-avoid-conflict-with-guava.jar:/Users/lobster/.m2/repository/com/google/code/findbugs/jsr305/3.0.2/jsr305-3.0.2.jar:/Users/lobster/.m2/repository/org/checkerframework/checker-qual/3.33.0/checker-qual-3.33.0.jar:/Users/lobster/.m2/repository/com/google/errorprone/error_prone_annotations/2.18.0/error_prone_annotations-2.18.0.jar:/Users/lobster/.m2/repository/com/google/j2objc/j2objc-annotations/2.8/j2objc-annotations-2.8.jar:/Users/lobster/.m2/repository/org/seleniumhq/selenium/selenium-chromium-driver/4.12.0/selenium-chromium-driver-4.12.0.jar:/Users/lobster/.m2/repository/org/seleniumhq/selenium/selenium-json/4.12.0/selenium-json-4.12.0.jar:/Users/lobster/.m2/repository/org/seleniumhq/selenium/selenium-manager/4.12.0/selenium-manager-4.12.0.jar:/Users/lobster/.m2/repository/org/seleniumhq/selenium/selenium-devtools-v114/4.12.0/selenium-devtools-v114-4.12.0.jar:/Users/lobster/.m2/repository/org/seleniumhq/selenium/selenium-devtools-v115/4.12.0/selenium-devtools-v115-4.12.0.jar:/Users/lobster/.m2/repository/org/seleniumhq/selenium/selenium-devtools-v116/4.12.0/selenium-devtools-v116-4.12.0.jar:/Users/lobster/.m2/repository/org/seleniumhq/selenium/selenium-devtools-v85/4.12.0/selenium-devtools-v85-4.12.0.jar:/Users/lobster/.m2/repository/org/seleniumhq/selenium/selenium-edge-driver/4.12.0/selenium-edge-driver-4.12.0.jar:/Users/lobster/.m2/repository/org/seleniumhq/selenium/selenium-firefox-driver/4.12.0/selenium-firefox-driver-4.12.0.jar:/Users/lobster/.m2/repository/org/seleniumhq/selenium/selenium-http/4.12.0/selenium-http-4.12.0.jar:/Users/lobster/.m2/repository/dev/failsafe/failsafe/3.3.2/failsafe-3.3.2.jar:/Users/lobster/.m2/repository/org/seleniumhq/selenium/selenium-ie-driver/4.12.0/selenium-ie-driver-4.12.0.jar:/Users/lobster/.m2/repository/org/seleniumhq/selenium/selenium-remote-driver/4.12.0/selenium-remote-driver-4.12.0.jar:/Users/lobster/.m2/repository/io/netty/netty-buffer/4.1.96.Final/netty-buffer-4.1.96.Final.jar:/Users/lobster/.m2/repository/io/netty/netty-codec-http/4.1.96.Final/netty-codec-http-4.1.96.Final.jar:/Users/lobster/.m2/repository/io/netty/netty-codec/4.1.96.Final/netty-codec-4.1.96.Final.jar:/Users/lobster/.m2/repository/io/netty/netty-handler/4.1.96.Final/netty-handler-4.1.96.Final.jar:/Users/lobster/.m2/repository/io/netty/netty-common/4.1.96.Final/netty-common-4.1.96.Final.jar:/Users/lobster/.m2/repository/io/netty/netty-transport-classes-epoll/4.1.96.Final/netty-transport-classes-epoll-4.1.96.Final.jar:/Users/lobster/.m2/repository/io/netty/netty-transport-classes-kqueue/4.1.96.Final/netty-transport-classes-kqueue-4.1.96.Final.jar:/Users/lobster/.m2/repository/io/netty/netty-transport-native-epoll/4.1.96.Final/netty-transport-native-epoll-4.1.96.Final.jar:/Users/lobster/.m2/repository/io/netty/netty-transport-native-kqueue/4.1.96.Final/netty-transport-native-kqueue-4.1.96.Final.jar:/Users/lobster/.m2/repository/io/netty/netty-transport-native-unix-common/4.1.96.Final/netty-transport-native-unix-common-4.1.96.Final.jar:/Users/lobster/.m2/repository/io/netty/netty-transport/4.1.96.Final/netty-transport-4.1.96.Final.jar:/Users/lobster/.m2/repository/io/netty/netty-resolver/4.1.96.Final/netty-resolver-4.1.96.Final.jar:/Users/lobster/.m2/repository/io/opentelemetry/opentelemetry-api/1.28.0/opentelemetry-api-1.28.0.jar:/Users/lobster/.m2/repository/io/opentelemetry/opentelemetry-context/1.28.0/opentelemetry-context-1.28.0.jar:/Users/lobster/.m2/repository/io/opentelemetry/opentelemetry-exporter-logging/1.28.0/opentelemetry-exporter-logging-1.28.0.jar:/Users/lobster/.m2/repository/io/opentelemetry/opentelemetry-sdk-metrics/1.28.0/opentelemetry-sdk-metrics-1.28.0.jar:/Users/lobster/.m2/repository/io/opentelemetry/opentelemetry-extension-incubator/1.28.0-alpha/opentelemetry-extension-incubator-1.28.0-alpha.jar:/Users/lobster/.m2/repository/io/opentelemetry/opentelemetry-sdk-logs/1.28.0/opentelemetry-sdk-logs-1.28.0.jar:/Users/lobster/.m2/repository/io/opentelemetry/opentelemetry-sdk-common/1.28.0/opentelemetry-sdk-common-1.28.0.jar:/Users/lobster/.m2/repository/io/opentelemetry/opentelemetry-sdk-extension-autoconfigure-spi/1.28.0/opentelemetry-sdk-extension-autoconfigure-spi-1.28.0.jar:/Users/lobster/.m2/repository/io/opentelemetry/opentelemetry-sdk-extension-autoconfigure/1.28.0/opentelemetry-sdk-extension-autoconfigure-1.28.0.jar:/Users/lobster/.m2/repository/io/opentelemetry/opentelemetry-api-events/1.28.0-alpha/opentelemetry-api-events-1.28.0-alpha.jar:/Users/lobster/.m2/repository/io/opentelemetry/opentelemetry-sdk-trace/1.28.0/opentelemetry-sdk-trace-1.28.0.jar:/Users/lobster/.m2/repository/io/opentelemetry/opentelemetry-sdk/1.28.0/opentelemetry-sdk-1.28.0.jar:/Users/lobster/.m2/repository/io/opentelemetry/opentelemetry-semconv/1.28.0-alpha/opentelemetry-semconv-1.28.0-alpha.jar:/Users/lobster/.m2/repository/org/asynchttpclient/async-http-client/2.12.3/async-http-client-2.12.3.jar:/Users/lobster/.m2/repository/org/asynchttpclient/async-http-client-netty-utils/2.12.3/async-http-client-netty-utils-2.12.3.jar:/Users/lobster/.m2/repository/io/netty/netty-codec-socks/4.1.60.Final/netty-codec-socks-4.1.60.Final.jar:/Users/lobster/.m2/repository/io/netty/netty-handler-proxy/4.1.60.Final/netty-handler-proxy-4.1.60.Final.jar:/Users/lobster/.m2/repository/io/netty/netty-transport-native-epoll/4.1.60.Final/netty-transport-native-epoll-4.1.60.Final-linux-x86_64.jar:/Users/lobster/.m2/repository/io/netty/netty-transport-native-kqueue/4.1.60.Final/netty-transport-native-kqueue-4.1.60.Final-osx-x86_64.jar:/Users/lobster/.m2/repository/org/reactivestreams/reactive-streams/1.0.3/reactive-streams-1.0.3.jar:/Users/lobster/.m2/repository/com/typesafe/netty/netty-reactive-streams/2.0.4/netty-reactive-streams-2.0.4.jar:/Users/lobster/.m2/repository/org/slf4j/slf4j-api/1.7.30/slf4j-api-1.7.30.jar:/Users/lobster/.m2/repository/com/sun/activation/jakarta.activation/1.2.2/jakarta.activation-1.2.2.jar:/Users/lobster/.m2/repository/org/seleniumhq/selenium/selenium-os/4.12.0/selenium-os-4.12.0.jar:/Users/lobster/.m2/repository/org/apache/commons/commons-exec/1.3/commons-exec-1.3.jar:/Users/lobster/.m2/repository/org/seleniumhq/selenium/selenium-safari-driver/4.12.0/selenium-safari-driver-4.12.0.jar:/Users/lobster/.m2/repository/org/seleniumhq/selenium/selenium-support/4.12.0/selenium-support-4.12.0.jar:/Users/lobster/.m2/repository/org/junit/jupiter/junit-jupiter-engine/5.9.2/junit-jupiter-engine-5.9.2.jar:/Users/lobster/.m2/repository/org/junit/platform/junit-platform-engine/1.9.2/junit-platform-engine-1.9.2.jar:/Users/lobster/.m2/repository/org/opentest4j/opentest4j/1.2.0/opentest4j-1.2.0.jar:/Users/lobster/.m2/repository/org/junit/platform/junit-platform-commons/1.9.2/junit-platform-commons-1.9.2.jar:/Users/lobster/.m2/repository/org/junit/jupiter/junit-jupiter-api/5.9.2/junit-jupiter-api-5.9.2.jar:/Users/lobster/.m2/repository/org/apiguardian/apiguardian-api/1.1.2/apiguardian-api-1.1.2.jar:/Users/lobster/.m2/repository/org/junit/platform/junit-platform-runner/1.9.2/junit-platform-runner-1.9.2.jar:/Users/lobster/.m2/repository/junit/junit/4.13.2/junit-4.13.2.jar:/Users/lobster/.m2/repository/org/hamcrest/hamcrest-core/1.3/hamcrest-core-1.3.jar:/Users/lobster/.m2/repository/org/junit/platform/junit-platform-launcher/1.9.2/junit-platform-launcher-1.9.2.jar:/Users/lobster/.m2/repository/org/junit/platform/junit-platform-suite-api/1.9.2/junit-platform-suite-api-1.9.2.jar:/Users/lobster/.m2/repository/org/junit/platform/junit-platform-suite-commons/1.9.2/junit-platform-suite-commons-1.9.2.jar:/Users/lobster/.m2/repository/org/assertj/assertj-core/3.24.2/assertj-core-3.24.2.jar:/Users/lobster/.m2/repository/net/bytebuddy/byte-buddy/1.12.21/byte-buddy-1.12.21.jar:"/>
    <property name="sun.cpu.endian" value="little"/>
    <property name="user.home" value="/Users/lobster"/>
    <property name="user.language" value="en"/>
    <property name="java.specification.vendor" value="Oracle Corporation"/>
    <property name="java.version.date" value="2022-10-18"/>
    <property name="java.home" value="/Users/lobster/.sdkman/candidates/java/11.0.17-amzn"/>
    <property name="file.separator" value="/"/>
    <property name="basedir" value="/Users/lobster/IdeaProjects/identity-tests"/>
    <property name="java.vm.compressedOopsMode" value="Zero based"/>
    <property name="line.separator" value="&#10;"/>
    <property name="java.specification.name" value="Java Platform API Specification"/>
    <property name="java.vm.specification.vendor" value="Oracle Corporation"/>
    <property name="java.awt.graphicsenv" value="sun.awt.CGraphicsEnvironment"/>
    <property name="surefire.real.class.path" value="/Users/lobster/IdeaProjects/identity-tests/target/surefire/surefirebooter2380781630570145861.jar"/>
    <property name="sun.management.compiler" value="HotSpot 64-Bit Tiered Compilers"/>
    <property name="ftp.nonProxyHosts" value="local|*.local|169.254/16|*.169.254/16"/>
    <property name="java.runtime.version" value="11.0.17+8-LTS"/>
    <property name="user.name" value="lobster"/>
    <property name="path.separator" value=":"/>
    <property name="os.version" value="13.1"/>
    <property name="java.runtime.name" value="OpenJDK Runtime Environment"/>
    <property name="file.encoding" value="UTF-8"/>
    <property name="java.vm.name" value="OpenJDK 64-Bit Server VM"/>
    <property name="java.vendor.version" value="Corretto-11.0.17.8.1"/>
    <property name="localRepository" value="/Users/lobster/.m2/repository"/>
    <property name="java.vendor.url.bug" value="https://github.com/corretto/corretto-11/issues/"/>
    <property name="java.io.tmpdir" value="/var/folders/_7/6_vk46z52nvfpt5bgswbgr040000gn/T/"/>
    <property name="java.version" value="11.0.17"/>
    <property name="user.dir" value="/Users/lobster/IdeaProjects/identity-tests"/>
    <property name="os.arch" value="x86_64"/>
    <property name="java.vm.specification.name" value="Java Virtual Machine Specification"/>
    <property name="java.awt.printerjob" value="sun.lwawt.macosx.CPrinterJob"/>
    <property name="sun.os.patch.level" value="unknown"/>
    <property name="java.library.path" value="/Users/lobster/Library/Java/Extensions:/Library/Java/Extensions:/Network/Library/Java/Extensions:/System/Library/Java/Extensions:/usr/lib/java:."/>
    <property name="java.vm.info" value="mixed mode"/>
    <property name="java.vendor" value="Amazon.com Inc."/>
    <property name="java.vm.version" value="11.0.17+8-LTS"/>
    <property name="sun.io.unicode.encoding" value="UnicodeBig"/>
    <property name="java.class.version" value="55.0"/>
    <property name="socksNonProxyHosts" value="local|*.local|169.254/16|*.169.254/16"/>
  </properties>
  <testcase name="testCarValuationOutputs" classname="com.idt.TestValuationOutput" time="63.465">
    <error message="Unable to locate element: .jHDwGZ:nth-of-type(2)&#10;For documentation on this error, please visit: https://www.selenium.dev/documentation/webdriver/troubleshooting/errors#no-such-element-exception&#10;Build info: version: &apos;4.12.0&apos;, revision: &apos;249f2a7d1b*&apos;&#10;System info: os.name: &apos;Mac OS X&apos;, os.arch: &apos;x86_64&apos;, os.version: &apos;13.1&apos;, java.version: &apos;11.0.17&apos;&#10;Driver info: org.openqa.selenium.firefox.FirefoxDriver&#10;Command: [cbe982a7-36e0-4e94-8a05-2247dcbba4c4, findElement {using=css selector, value=.jHDwGZ:nth-of-type(2)}]&#10;Capabilities {acceptInsecureCerts: true, browserName: firefox, browserVersion: 108.0, moz:accessibilityChecks: false, moz:buildID: 20221208122842, moz:debuggerAddress: 127.0.0.1:5030, moz:geckodriverVersion: 0.33.0, moz:headless: false, moz:platformVersion: 22.2.0, moz:processID: 51268, moz:profile: /var/folders/_7/6_vk46z52nv..., moz:shutdownTimeout: 60000, moz:useNonSpecCompliantPointerOrigin: false, moz:webdriverClick: true, moz:windowless: false, pageLoadStrategy: normal, platformName: mac, proxy: Proxy(), se:cdp: ws://127.0.0.1:5030/devtool..., se:cdpVersion: 85.0, setWindowRect: true, strictFileInteractability: false, timeouts: {implicit: 0, pageLoad: 300000, script: 30000}, unhandledPromptBehavior: dismiss and notify}&#10;Session ID: cbe982a7-36e0-4e94-8a05-2247dcbba4c4" type="org.openqa.selenium.NoSuchElementException">org.openqa.selenium.NoSuchElementException: 
Unable to locate element: .jHDwGZ:nth-of-type(2)
For documentation on this error, please visit: https://www.selenium.dev/documentation/webdriver/troubleshooting/errors#no-such-element-exception
Build info: version: '4.12.0', revision: '249f2a7d1b*'
System info: os.name: 'Mac OS X', os.arch: 'x86_64', os.version: '13.1', java.version: '11.0.17'
Driver info: org.openqa.selenium.firefox.FirefoxDriver
Command: [cbe982a7-36e0-4e94-8a05-2247dcbba4c4, findElement {using=css selector, value=.jHDwGZ:nth-of-type(2)}]
Capabilities {acceptInsecureCerts: true, browserName: firefox, browserVersion: 108.0, moz:accessibilityChecks: false, moz:buildID: 20221208122842, moz:debuggerAddress: 127.0.0.1:5030, moz:geckodriverVersion: 0.33.0, moz:headless: false, moz:platformVersion: 22.2.0, moz:processID: 51268, moz:profile: /var/folders/_7/6_vk46z52nv..., moz:shutdownTimeout: 60000, moz:useNonSpecCompliantPointerOrigin: false, moz:webdriverClick: true, moz:windowless: false, pageLoadStrategy: normal, platformName: mac, proxy: Proxy(), se:cdp: ws://127.0.0.1:5030/devtool..., se:cdpVersion: 85.0, setWindowRect: true, strictFileInteractability: false, timeouts: {implicit: 0, pageLoad: 300000, script: 30000}, unhandledPromptBehavior: dismiss and notify}
Session ID: cbe982a7-36e0-4e94-8a05-2247dcbba4c4
	at com.idt.TestValuationOutput.lambda$testCarValuationOutputs$0(TestValuationOutput.java:53)
	at com.idt.TestValuationOutput.lambda$testCarValuationOutputs$1(TestValuationOutput.java:45)
	at com.idt.TestValuationOutput.lambda$testCarValuationOutputs$2(TestValuationOutput.java:42)
	at com.idt.TestValuationOutput.testCarValuationOutputs(TestValuationOutput.java:41)
</error>
    <system-out><![CDATA[[REGISTRATION,MAKE,MODEL, , , , SG18HTN,Volkswagen,Golf 1.5 TSI EVO SE Nav Hatchback 5dr Petrol Manual Euro 6 (s/s) (130 ps), , , AD58VNF,BMW,1 Series 2.0 120d M Sport Coupe 2dr Diesel Manual Euro 4 (177 ps), , , BW57BOF,Toyota,Yaris 1.0 VVT-i T2 Hatchback 3dr Petrol Manual (127 g/km, 67 bhp), , , KT17DLX,SKODA,Superb 2.0 TDI SportLine Estate 5dr Diesel DSG Auto 6Spd Euro 6 (s/s) (190 ps)]
{BW57BOF=BW57BOF,Toyota,Yaris 1.0 VVT-i T2 Hatchback 3dr Petrol Manual (127 g/km67 bhp), KT17DLX=KT17DLX,SKODA,Superb 2.0 TDI SportLine Estate 5dr Diesel DSG Auto 6Spd Euro 6 (s/s) (190 ps), AD58VNF=AD58VNF,BMW,1 Series 2.0 120d M Sport Coupe 2dr Diesel Manual Euro 4 (177 ps), SG18HTN=SG18HTN,Volkswagen,Golf 1.5 TSI EVO SE Nav Hatchback 5dr Petrol Manual Euro 6 (s/s) (130 ps)}
=============== Running valuation checks on Registration Numbers on File:car_input_v2.txt ====================
[AD58VNF, BW57BOW, KT17DLX, SG18HTN]
]]></system-out>
    <system-err><![CDATA[SLF4J: Failed to load class "org.slf4j.impl.StaticLoggerBinder".
SLF4J: Defaulting to no-operation (NOP) logger implementation
SLF4J: See http://www.slf4j.org/codes.html#StaticLoggerBinder for further details.
We couldn't find a car with that registration. Check your registration number is correct and try again.
]]></system-err>
  </testcase>
</testsuite>